2013-06-10T15:38:28+00:00 DEBUG (7): exception 'Exception' with message 'WordPress Auto-Login details not set. Login failed.' in /homepages/25/d193278548/htdocs/magento/app/code/community/Fishpig/Wordpress/controllers/Adminhtml/WordpressController.php:96
Stack trace:
#0 /homepages/25/d193278548/htdocs/magento/app/code/core/Mage/Core/Controller/Varien/Action.php(419): Fishpig_Wordpress_Adminhtml_WordpressController->loginAction()
#1 /homepages/25/d193278548/htdocs/magento/app/code/core/Mage/Core/Controller/Varien/Router/Standard.php(250): Mage_Core_Controller_Varien_Action->dispatch('login')
#2 /homepages/25/d193278548/htdocs/magento/app/code/core/Mage/Core/Controller/Varien/Front.php(176): Mage_Core_Controller_Varien_Router_Standard->match(Object(Mage_Core_Controller_Request_Http))
#3 /homepages/25/d193278548/htdocs/magento/app/code/core/Mage/Core/Model/App.php(354): Mage_Core_Controller_Varien_Front->dispatch()
#4 /homepages/25/d193278548/htdocs/magento/app/Mage.php(683): Mage_Core_Model_App->run(Array)
#5 /homepages/25/d193278548/htdocs/magento/index.php(87): Mage::run('', 'store')
#6 {main}
2013-06-10T15:38:54+00:00 DEBUG (7): SQLSTATE[42S02]: Base table or view not found: 1146 Table 'db472276229.wp_posts' doesn't exist
2013-06-10T15:39:05+00:00 DEBUG (7): exception 'Exception' with message 'CURL (6): name lookup timed out' in /homepages/25/d193278548/htdocs/magento/app/code/community/Fishpig/Wordpress/Helper/System.php:392
Stack trace:
#0 /homepages/25/d193278548/htdocs/magento/app/code/community/Fishpig/Wordpress/controllers/Adminhtml/WordpressController.php(209): Fishpig_Wordpress_Helper_System->makeHttpPostRequest('http://connect2...')
#1 /homepages/25/d193278548/htdocs/magento/app/code/core/Mage/Core/Controller/Varien/Action.php(419): Fishpig_Wordpress_Adminhtml_WordpressController->checkVersionAction()
#2 /homepages/25/d193278548/htdocs/magento/app/code/core/Mage/Core/Controller/Varien/Router/Standard.php(250): Mage_Core_Controller_Varien_Action->dispatch('checkVersion')
#3 /homepages/25/d193278548/htdocs/magento/app/code/core/Mage/Core/Controller/Varien/Front.php(176): Mage_Core_Controller_Varien_Router_Standard->match(Object(Mage_Core_Controller_Request_Http))
#4 /homepages/25/d193278548/htdocs/magento/app/code/core/Mage/Core/Model/App.php(354): Mage_Core_Controller_Varien_Front->dispatch()
#5 /homepages/25/d193278548/htdocs/magento/app/Mage.php(683): Mage_Core_Model_App->run(Array)
#6 /homepages/25/d193278548/htdocs/magento/index.php(87): Mage::run('', 'store')
#7 {main}
2013-06-10T15:43:18+00:00 DEBUG (7): SQLSTATE[HY000] [2005] Unknown MySQL server host 'db474240383.db.1and1.com' (1)
2013-06-10T15:43:28+00:00 DEBUG (7): SQLSTATE[HY000] [2005] Unknown MySQL server host 'db474240383.db.1and1.com' (1)
2013-06-10T15:43:48+00:00 DEBUG (7): SQLSTATE[HY000] [2005] Unknown MySQL server host 'db474240383.db.1and1.com' (1)
2013-06-10T15:44:20+00:00 DEBUG (7): SQLSTATE[HY000] [2005] Unknown MySQL server host 'db474240383.db.1and1.com' (1)
2013-06-10T15:46:32+00:00 DEBUG (7): SQLSTATE[42S02]: Base table or view not found: 1146 Table 'db474240383.wp_posts' doesn't exist
2013-06-10T15:52:37+00:00 DEBUG (7): SQLSTATE[42S02]: Base table or view not found: 1146 Table 'db474240383.wp_posts' doesn't exist
2013-06-10T15:52:43+00:00 DEBUG (7): SQLSTATE[42S02]: Base table or view not found: 1146 Table 'db474240383.wp_posts' doesn't exist
2013-06-10T15:53:27+00:00 DEBUG (7): SQLSTATE[HY000] [2002] Can't connect to local MySQL server through socket '/var/run/mysqld/mysqld.sock' (2)
2013-06-10T15:53:34+00:00 DEBUG (7): SQLSTATE[42S02]: Base table or view not found: 1146 Table 'db474240383.wp_posts' doesn't exist
2013-06-10T15:53:40+00:00 DEBUG (7): SQLSTATE[42S02]: Base table or view not found: 1146 Table 'db474240383.wp_posts' doesn't exist
2013-06-10T15:56:02+00:00 DEBUG (7): SQLSTATE[42S02]: Base table or view not found: 1146 Table 'db474240383.wp_posts' doesn't exist
2013-06-10T15:56:36+00:00 DEBUG (7): SQLSTATE[42S02]: Base table or view not found: 1146 Table 'db474240383.wp_posts' doesn't exist
2013-06-10T15:57:01+00:00 DEBUG (7): SQLSTATE[42S02]: Base table or view not found: 1146 Table 'db474240383.wp_posts' doesn't exist
2013-06-10T15:57:15+00:00 DEBUG (7): SQLSTATE[HY000] [2002] Can't connect to local MySQL server through socket '/var/run/mysqld/mysqld.sock' (2)
2013-06-10T15:58:03+00:00 DEBUG (7): SQLSTATE[42S02]: Base table or view not found: 1146 Table 'db474240383.wp_posts' doesn't exist
2013-06-10T15:58:30+00:00 DEBUG (7): SQLSTATE[42S02]: Base table or view not found: 1146 Table 'db472276229.wp_posts' doesn't exist
2013-06-10T15:58:44+00:00 DEBUG (7): SQLSTATE[42S02]: Base table or view not found: 1146 Table 'db472276229.wp_posts' doesn't exist
2013-06-10T15:58:49+00:00 DEBUG (7): SQLSTATE[42S02]: Base table or view not found: 1146 Table 'db472276229.wp_posts' doesn't exist
2013-06-10T15:58:53+00:00 DEBUG (7): SQLSTATE[42S02]: Base table or view not found: 1146 Table 'db472276229.wp_posts' doesn't exist
2013-06-10T15:58:59+00:00 DEBUG (7): SQLSTATE[42S02]: Base table or view not found: 1146 Table 'db472276229.wp_posts' doesn't exist
2013-06-10T15:59:11+00:00 DEBUG (7): SQLSTATE[42S02]: Base table or view not found: 1146 Table 'db474240383.wp_posts' doesn't exist
2013-06-10T15:59:26+00:00 DEBUG (7): SQLSTATE[42S02]: Base table or view not found: 1146 Table 'db474240383.wp_posts' doesn't exist
2013-06-10T16:01:11+00:00 DEBUG (7): SQLSTATE[42S02]: Base table or view not found: 1146 Table 'db474240383.wp_posts' doesn't exist
2013-06-10T16:01:12+00:00 DEBUG (7): SQLSTATE[42S02]: Base table or view not found: 1146 Table 'db474240383.wp_posts' doesn't exist
2013-06-10T16:01:37+00:00 DEBUG (7): SQLSTATE[42S02]: Base table or view not found: 1146 Table 'db474240383.wp_posts' doesn't exist
2013-06-10T16:02:06+00:00 DEBUG (7): SQLSTATE[42S02]: Base table or view not found: 1146 Table 'db474240383.wp_posts' doesn't exist
2013-06-10T16:02:37+00:00 DEBUG (7): SQLSTATE[HY000] [2002] Can't connect to local MySQL server through socket '/var/run/mysqld/mysqld.sock' (2)
2013-06-10T16:02:50+00:00 DEBUG (7): SQLSTATE[42S02]: Base table or view not found: 1146 Table 'db472276229.wp_posts' doesn't exist
2013-06-10T16:04:41+00:00 DEBUG (7): SQLSTATE[42S02]: Base table or view not found: 1146 Table 'db474240383.wp_posts' doesn't exist
2013-06-10T16:05:00+00:00 DEBUG (7): exception 'Exception' with message 'WordPress Auto-Login details not set. Login failed.' in /homepages/25/d193278548/htdocs/magento/app/code/community/Fishpig/Wordpress/controllers/Adminhtml/WordpressController.php:96
Stack trace:
#0 /homepages/25/d193278548/htdocs/magento/app/code/core/Mage/Core/Controller/Varien/Action.php(419): Fishpig_Wordpress_Adminhtml_WordpressController->loginAction()
#1 /homepages/25/d193278548/htdocs/magento/app/code/core/Mage/Core/Controller/Varien/Router/Standard.php(250): Mage_Core_Controller_Varien_Action->dispatch('login')
#2 /homepages/25/d193278548/htdocs/magento/app/code/core/Mage/Core/Controller/Varien/Front.php(176): Mage_Core_Controller_Varien_Router_Standard->match(Object(Mage_Core_Controller_Request_Http))
#3 /homepages/25/d193278548/htdocs/magento/app/code/core/Mage/Core/Model/App.php(354): Mage_Core_Controller_Varien_Front->dispatch()
#4 /homepages/25/d193278548/htdocs/magento/app/Mage.php(683): Mage_Core_Model_App->run(Array)
#5 /homepages/25/d193278548/htdocs/magento/index.php(87): Mage::run('', 'store')
#6 {main}
2013-06-10T16:05:19+00:00 DEBUG (7): SQLSTATE[42S02]: Base table or view not found: 1146 Table 'db474240383.wp_posts' doesn't exist
2013-06-10T16:05:19+00:00 DEBUG (7): exception 'Exception' with message 'CURL (3): <url> malformed' in /homepages/25/d193278548/htdocs/magento/app/code/community/Fishpig/Wordpress/Helper/System.php:392
Stack trace:
#0 /homepages/25/d193278548/htdocs/magento/app/code/community/Fishpig/Wordpress/Helper/System.php(463): Fishpig_Wordpress_Helper_System->makeHttpPostRequest('/wp-login.php', Array)
#1 /homepages/25/d193278548/htdocs/magento/app/code/community/Fishpig/Wordpress/controllers/Adminhtml/WordpressController.php(101): Fishpig_Wordpress_Helper_System->loginToWordPress('ccairns', 'r0b0tp4ss', NULL)
#2 /homepages/25/d193278548/htdocs/magento/app/code/core/Mage/Core/Controller/Varien/Action.php(419): Fishpig_Wordpress_Adminhtml_WordpressController->loginAction()
#3 /homepages/25/d193278548/htdocs/magento/app/code/core/Mage/Core/Controller/Varien/Router/Standard.php(250): Mage_Core_Controller_Varien_Action->dispatch('login')
#4 /homepages/25/d193278548/htdocs/magento/app/code/core/Mage/Core/Controller/Varien/Front.php(176): Mage_Core_Controller_Varien_Router_Standard->match(Object(Mage_Core_Controller_Request_Http))
#5 /homepages/25/d193278548/htdocs/magento/app/code/core/Mage/Core/Model/App.php(354): Mage_Core_Controller_Varien_Front->dispatch()
#6 /homepages/25/d193278548/htdocs/magento/app/Mage.php(683): Mage_Core_Model_App->run(Array)
#7 /homepages/25/d193278548/htdocs/magento/index.php(87): Mage::run('', 'store')
#8 {main}
2013-06-10T16:05:37+00:00 DEBUG (7): SQLSTATE[42S02]: Base table or view not found: 1146 Table 'db474240383.wp_posts' doesn't exist
2013-06-10T16:06:31+00:00 DEBUG (7): SQLSTATE[42S02]: Base table or view not found: 1146 Table 'db474240383.wp_posts' doesn't exist
2013-06-10T16:09:34+00:00 DEBUG (7): SQLSTATE[42S02]: Base table or view not found: 1146 Table 'db474240383.wp_posts' doesn't exist
2013-07-26T14:03:55+00:00 DEBUG (7): SQLSTATE[HY000] [2002] php_network_getaddresses: getaddrinfo failed: No such host is known.
2013-07-26T14:04:02+00:00 DEBUG (7): SQLSTATE[HY000] [2002] php_network_getaddresses: getaddrinfo failed: No such host is known.
2013-07-26T14:04:26+00:00 DEBUG (7): SQLSTATE[HY000] [2002] php_network_getaddresses: getaddrinfo failed: No such host is known.
2013-07-26T14:04:30+00:00 DEBUG (7): SQLSTATE[HY000] [2002] php_network_getaddresses: getaddrinfo failed: No such host is known.
2013-07-26T14:05:53+00:00 DEBUG (7): SQLSTATE[HY000] [2002] php_network_getaddresses: getaddrinfo failed: No such host is known.
2013-07-26T14:06:06+00:00 DEBUG (7): SQLSTATE[HY000] [2002] php_network_getaddresses: getaddrinfo failed: No such host is known.
2013-07-26T14:06:19+00:00 DEBUG (7): SQLSTATE[HY000] [2002] php_network_getaddresses: getaddrinfo failed: No such host is known.
2013-07-26T14:09:22+00:00 DEBUG (7): SQLSTATE[HY000] [2002] php_network_getaddresses: getaddrinfo failed: No such host is known.
2013-07-26T14:09:37+00:00 DEBUG (7): SQLSTATE[HY000] [2002] php_network_getaddresses: getaddrinfo failed: No such host is known.
2013-07-26T14:09:48+00:00 DEBUG (7): SQLSTATE[HY000] [2002] php_network_getaddresses: getaddrinfo failed: No such host is known.
2013-07-26T14:12:23+00:00 DEBUG (7): SQLSTATE[HY000] [2002] php_network_getaddresses: getaddrinfo failed: No such host is known.
2013-07-26T14:12:28+00:00 DEBUG (7): SQLSTATE[HY000] [2002] php_network_getaddresses: getaddrinfo failed: No such host is known.
2013-07-26T14:12:33+00:00 DEBUG (7): SQLSTATE[HY000] [2002] php_network_getaddresses: getaddrinfo failed: No such host is known.
2013-07-26T14:12:55+00:00 DEBUG (7): SQLSTATE[HY000] [2002] php_network_getaddresses: getaddrinfo failed: No such host is known.
2013-07-26T14:22:43+00:00 DEBUG (7): SQLSTATE[HY000] [2002] php_network_getaddresses: getaddrinfo failed: No such host is known.
2013-07-26T14:30:04+00:00 DEBUG (7): SQLSTATE[HY000] [2002] php_network_getaddresses: getaddrinfo failed: No such host is known.
2013-07-26T14:30:12+00:00 DEBUG (7): SQLSTATE[HY000] [2002] php_network_getaddresses: getaddrinfo failed: No such host is known.
2013-07-26T14:30:57+00:00 DEBUG (7): SQLSTATE[HY000] [2002] php_network_getaddresses: getaddrinfo failed: No such host is known.
2013-07-26T14:32:50+00:00 DEBUG (7): SQLSTATE[HY000] [2002] php_network_getaddresses: getaddrinfo failed: No such host is known.
2013-07-26T14:33:08+00:00 DEBUG (7): SQLSTATE[HY000] [2002] php_network_getaddresses: getaddrinfo failed: No such host is known.
2013-07-26T14:35:03+00:00 DEBUG (7): SQLSTATE[HY000] [2002] php_network_getaddresses: getaddrinfo failed: No such host is known.
2013-07-26T14:35:08+00:00 DEBUG (7): SQLSTATE[HY000] [2002] php_network_getaddresses: getaddrinfo failed: No such host is known.
2013-07-26T14:35:13+00:00 DEBUG (7): SQLSTATE[HY000] [2002] php_network_getaddresses: getaddrinfo failed: No such host is known.
2013-07-26T14:35:28+00:00 DEBUG (7): SQLSTATE[HY000] [2002] php_network_getaddresses: getaddrinfo failed: No such host is known.
2013-07-26T14:35:34+00:00 DEBUG (7): SQLSTATE[HY000] [2002] php_network_getaddresses: getaddrinfo failed: No such host is known.
2013-07-26T14:35:49+00:00 DEBUG (7): SQLSTATE[HY000] [2002] php_network_getaddresses: getaddrinfo failed: No such host is known.
2013-07-26T14:35:53+00:00 DEBUG (7): SQLSTATE[HY000] [2002] php_network_getaddresses: getaddrinfo failed: No such host is known.
2013-07-26T14:36:31+00:00 DEBUG (7): SQLSTATE[HY000] [2002] php_network_getaddresses: getaddrinfo failed: No such host is known.
2013-07-26T14:36:36+00:00 DEBUG (7): SQLSTATE[HY000] [2002] php_network_getaddresses: getaddrinfo failed: No such host is known.
2013-07-26T14:41:42+00:00 DEBUG (7): SQLSTATE[HY000] [2002] php_network_getaddresses: getaddrinfo failed: No such host is known.
2013-07-26T14:41:48+00:00 DEBUG (7): SQLSTATE[HY000] [2002] php_network_getaddresses: getaddrinfo failed: No such host is known.
2013-07-26T14:46:06+00:00 DEBUG (7): SQLSTATE[HY000] [2002] php_network_getaddresses: getaddrinfo failed: No such host is known.
2013-07-26T14:47:06+00:00 DEBUG (7): SQLSTATE[HY000] [2002] php_network_getaddresses: getaddrinfo failed: No such host is known.
2013-07-26T14:47:23+00:00 DEBUG (7): SQLSTATE[HY000] [2002] php_network_getaddresses: getaddrinfo failed: No such host is known.
2013-07-26T14:47:37+00:00 DEBUG (7): SQLSTATE[HY000] [2002] php_network_getaddresses: getaddrinfo failed: No such host is known.
2013-07-26T14:50:08+00:00 DEBUG (7): SQLSTATE[HY000] [2002] php_network_getaddresses: getaddrinfo failed: No such host is known.
2013-07-26T14:50:14+00:00 DEBUG (7): SQLSTATE[HY000] [2002] php_network_getaddresses: getaddrinfo failed: No such host is known.
2013-07-26T14:50:20+00:00 DEBUG (7): SQLSTATE[HY000] [2002] php_network_getaddresses: getaddrinfo failed: No such host is known.
2013-07-26T14:50:21+00:00 DEBUG (7): SQLSTATE[HY000] [2002] php_network_getaddresses: getaddrinfo failed: No such host is known.
2013-07-26T14:51:13+00:00 DEBUG (7): SQLSTATE[HY000] [2002] php_network_getaddresses: getaddrinfo failed: No such host is known.
2013-07-26T14:51:20+00:00 DEBUG (7): SQLSTATE[HY000] [2002] php_network_getaddresses: getaddrinfo failed: No such host is known.
2013-07-26T14:52:40+00:00 DEBUG (7): SQLSTATE[HY000] [2002] php_network_getaddresses: getaddrinfo failed: No such host is known.
2013-07-26T14:52:40+00:00 DEBUG (7): SQLSTATE[HY000] [2002] php_network_getaddresses: getaddrinfo failed: No such host is known.
2013-07-26T14:52:45+00:00 DEBUG (7): SQLSTATE[HY000] [2002] php_network_getaddresses: getaddrinfo failed: No such host is known.
2013-07-26T14:53:16+00:00 DEBUG (7): exception 'Exception' with message 'WordPress Auto-Login details not set. Login failed.' in C:\xampp\htdocs\radvalves\app\code\community\Fishpig\Wordpress\controllers\Adminhtml\WordpressController.php:96
Stack trace:
#0 C:\xampp\htdocs\radvalves\app\code\core\Mage\Core\Controller\Varien\Action.php(419): Fishpig_Wordpress_Adminhtml_WordpressController->loginAction()
#1 C:\xampp\htdocs\radvalves\app\code\core\Mage\Core\Controller\Varien\Router\Standard.php(250): Mage_Core_Controller_Varien_Action->dispatch('login')
#2 C:\xampp\htdocs\radvalves\app\code\core\Mage\Core\Controller\Varien\Front.php(176): Mage_Core_Controller_Varien_Router_Standard->match(Object(Mage_Core_Controller_Request_Http))
#3 C:\xampp\htdocs\radvalves\app\code\core\Mage\Core\Model\App.php(354): Mage_Core_Controller_Varien_Front->dispatch()
#4 C:\xampp\htdocs\radvalves\app\Mage.php(683): Mage_Core_Model_App->run(Array)
#5 C:\xampp\htdocs\radvalves\index.php(87): Mage::run('', 'store')
#6 {main}
2013-07-26T14:54:09+00:00 DEBUG (7): SQLSTATE[HY000] [2002] php_network_getaddresses: getaddrinfo failed: No such host is known.
2013-07-26T14:54:09+00:00 DEBUG (7): exception 'Exception' with message 'CURL (3): <url> malformed' in C:\xampp\htdocs\radvalves\app\code\community\Fishpig\Wordpress\Helper\System.php:392
Stack trace:
#0 C:\xampp\htdocs\radvalves\app\code\community\Fishpig\Wordpress\Helper\System.php(463): Fishpig_Wordpress_Helper_System->makeHttpPostRequest('/wp-login.php', Array)
#1 C:\xampp\htdocs\radvalves\app\code\community\Fishpig\Wordpress\controllers\Adminhtml\WordpressController.php(101): Fishpig_Wordpress_Helper_System->loginToWordPress('jtudsbury', 'r0b0tp4ss', NULL)
#2 C:\xampp\htdocs\radvalves\app\code\core\Mage\Core\Controller\Varien\Action.php(419): Fishpig_Wordpress_Adminhtml_WordpressController->loginAction()
#3 C:\xampp\htdocs\radvalves\app\code\core\Mage\Core\Controller\Varien\Router\Standard.php(250): Mage_Core_Controller_Varien_Action->dispatch('login')
#4 C:\xampp\htdocs\radvalves\app\code\core\Mage\Core\Controller\Varien\Front.php(176): Mage_Core_Controller_Varien_Router_Standard->match(Object(Mage_Core_Controller_Request_Http))
#5 C:\xampp\htdocs\radvalves\app\code\core\Mage\Core\Model\App.php(354): Mage_Core_Controller_Varien_Front->dispatch()
#6 C:\xampp\htdocs\radvalves\app\Mage.php(683): Mage_Core_Model_App->run(Array)
#7 C:\xampp\htdocs\radvalves\index.php(87): Mage::run('', 'store')
#8 {main}
2013-07-26T15:47:57+00:00 DEBUG (7): SQLSTATE[HY000] [2002] php_network_getaddresses: getaddrinfo failed: No such host is known.
2013-07-29T08:42:16+00:00 DEBUG (7): SQLSTATE[HY000] [2002] php_network_getaddresses: getaddrinfo failed: No such host is known.
2013-07-29T08:42:59+00:00 DEBUG (7): SQLSTATE[HY000] [2002] php_network_getaddresses: getaddrinfo failed: No such host is known.
2013-07-29T08:43:13+00:00 DEBUG (7): SQLSTATE[HY000] [2002] php_network_getaddresses: getaddrinfo failed: No such host is known.
2013-07-29T09:39:50+00:00 DEBUG (7): SQLSTATE[HY000] [2002] php_network_getaddresses: getaddrinfo failed: No such host is known.
2013-07-29T11:17:29+00:00 DEBUG (7): SQLSTATE[HY000] [2002] php_network_getaddresses: getaddrinfo failed: No such host is known.
2013-07-29T14:00:38+00:00 DEBUG (7): SQLSTATE[HY000] [2002] php_network_getaddresses: getaddrinfo failed: No such host is known.
2013-07-29T14:05:28+00:00 DEBUG (7): SQLSTATE[HY000] [2002] php_network_getaddresses: getaddrinfo failed: No such host is known.
2013-07-29T14:44:12+00:00 DEBUG (7): SQLSTATE[HY000] [2002] php_network_getaddresses: getaddrinfo failed: No such host is known.
2013-07-29T14:48:40+00:00 DEBUG (7): SQLSTATE[HY000] [2002] php_network_getaddresses: getaddrinfo failed: No such host is known.
2013-07-29T15:09:58+00:00 DEBUG (7): SQLSTATE[HY000] [2002] php_network_getaddresses: getaddrinfo failed: No such host is known.
2013-07-29T15:10:35+00:00 DEBUG (7): SQLSTATE[HY000] [2002] php_network_getaddresses: getaddrinfo failed: No such host is known.
2013-07-29T15:12:18+00:00 DEBUG (7): SQLSTATE[HY000] [2002] php_network_getaddresses: getaddrinfo failed: No such host is known.
2013-07-29T15:12:44+00:00 DEBUG (7): SQLSTATE[HY000] [2002] php_network_getaddresses: getaddrinfo failed: No such host is known.
2013-07-29T15:14:27+00:00 DEBUG (7): SQLSTATE[HY000] [2002] php_network_getaddresses: getaddrinfo failed: No such host is known.
2013-07-29T15:52:57+00:00 DEBUG (7): SQLSTATE[HY000] [2002] php_network_getaddresses: getaddrinfo failed: No such host is known.
2013-07-29T15:53:23+00:00 DEBUG (7): SQLSTATE[HY000] [2002] php_network_getaddresses: getaddrinfo failed: No such host is known.
2013-07-29T15:54:04+00:00 DEBUG (7): SQLSTATE[HY000] [2002] php_network_getaddresses: getaddrinfo failed: No such host is known.
2013-07-29T16:03:28+00:00 DEBUG (7): SQLSTATE[HY000] [2002] php_network_getaddresses: getaddrinfo failed: No such host is known.
2013-07-29T16:03:41+00:00 DEBUG (7): SQLSTATE[HY000] [2002] php_network_getaddresses: getaddrinfo failed: No such host is known.
2013-07-29T16:05:26+00:00 DEBUG (7): SQLSTATE[HY000] [2002] php_network_getaddresses: getaddrinfo failed: No such host is known.
2013-07-29T16:06:02+00:00 DEBUG (7): SQLSTATE[HY000] [2002] php_network_getaddresses: getaddrinfo failed: No such host is known.
2013-07-29T16:07:23+00:00 DEBUG (7): SQLSTATE[HY000] [2002] php_network_getaddresses: getaddrinfo failed: No such host is known.
2013-07-29T16:09:14+00:00 DEBUG (7): SQLSTATE[HY000] [2002] php_network_getaddresses: getaddrinfo failed: No such host is known.
2013-07-29T16:39:16+00:00 DEBUG (7): SQLSTATE[HY000] [2002] php_network_getaddresses: getaddrinfo failed: No such host is known.
2013-07-29T16:40:01+00:00 DEBUG (7): SQLSTATE[HY000] [2002] php_network_getaddresses: getaddrinfo failed: No such host is known.
2013-07-29T16:40:08+00:00 DEBUG (7): SQLSTATE[HY000] [2002] php_network_getaddresses: getaddrinfo failed: No such host is known.
2013-07-29T16:52:27+00:00 DEBUG (7): SQLSTATE[HY000] [2002] php_network_getaddresses: getaddrinfo failed: No such host is known.
2013-07-29T16:59:09+00:00 DEBUG (7): SQLSTATE[HY000] [2002] php_network_getaddresses: getaddrinfo failed: No such host is known.
2013-07-29T16:59:28+00:00 DEBUG (7): SQLSTATE[HY000] [2002] php_network_getaddresses: getaddrinfo failed: No such host is known.
2013-07-29T17:02:50+00:00 DEBUG (7): SQLSTATE[HY000] [2002] php_network_getaddresses: getaddrinfo failed: No such host is known.
2013-07-29T17:05:24+00:00 DEBUG (7): SQLSTATE[HY000] [2002] php_network_getaddresses: getaddrinfo failed: No such host is known.
2013-07-29T17:06:25+00:00 DEBUG (7): SQLSTATE[HY000] [2002] php_network_getaddresses: getaddrinfo failed: No such host is known.
2013-07-29T17:07:52+00:00 DEBUG (7): SQLSTATE[HY000] [2002] php_network_getaddresses: getaddrinfo failed: No such host is known.
2013-07-29T17:11:18+00:00 DEBUG (7): SQLSTATE[HY000] [2002] php_network_getaddresses: getaddrinfo failed: No such host is known.
2013-07-29T17:11:43+00:00 DEBUG (7): SQLSTATE[HY000] [2002] php_network_getaddresses: getaddrinfo failed: No such host is known.
2013-07-29T17:18:59+00:00 DEBUG (7): SQLSTATE[HY000] [2002] php_network_getaddresses: getaddrinfo failed: No such host is known.
2013-07-29T17:20:21+00:00 DEBUG (7): SQLSTATE[HY000] [2002] php_network_getaddresses: getaddrinfo failed: No such host is known.
2013-07-29T17:20:25+00:00 DEBUG (7): SQLSTATE[HY000] [2002] php_network_getaddresses: getaddrinfo failed: No such host is known.
2013-07-29T17:21:11+00:00 DEBUG (7): SQLSTATE[HY000] [2002] php_network_getaddresses: getaddrinfo failed: No such host is known.
2013-07-29T17:22:05+00:00 DEBUG (7): SQLSTATE[HY000] [2002] php_network_getaddresses: getaddrinfo failed: No such host is known.
2013-07-29T17:23:07+00:00 DEBUG (7): SQLSTATE[HY000] [2002] php_network_getaddresses: getaddrinfo failed: No such host is known.
2013-07-29T17:27:27+00:00 DEBUG (7): SQLSTATE[HY000] [2002] php_network_getaddresses: getaddrinfo failed: No such host is known.
2013-07-29T17:28:42+00:00 DEBUG (7): SQLSTATE[HY000] [2002] php_network_getaddresses: getaddrinfo failed: No such host is known.
2013-07-30T10:10:48+00:00 DEBUG (7): SQLSTATE[HY000] [2002] php_network_getaddresses: getaddrinfo failed: No such host is known.
2013-07-30T10:14:05+00:00 DEBUG (7): SQLSTATE[HY000] [2002] php_network_getaddresses: getaddrinfo failed: No such host is known.
2013-07-30T10:30:59+00:00 DEBUG (7): SQLSTATE[HY000] [2002] php_network_getaddresses: getaddrinfo failed: No such host is known.
2013-07-30T10:32:18+00:00 DEBUG (7): SQLSTATE[HY000] [2002] php_network_getaddresses: getaddrinfo failed: No such host is known.
2013-07-30T10:36:00+00:00 DEBUG (7): SQLSTATE[HY000] [2002] php_network_getaddresses: getaddrinfo failed: No such host is known.
2013-07-30T10:37:51+00:00 DEBUG (7): SQLSTATE[HY000] [2002] php_network_getaddresses: getaddrinfo failed: No such host is known.
2013-07-30T10:38:40+00:00 DEBUG (7): SQLSTATE[HY000] [2002] php_network_getaddresses: getaddrinfo failed: No such host is known.
2013-07-30T10:39:06+00:00 DEBUG (7): SQLSTATE[HY000] [2002] php_network_getaddresses: getaddrinfo failed: No such host is known.
2013-07-30T11:07:18+00:00 DEBUG (7): SQLSTATE[HY000] [2002] php_network_getaddresses: getaddrinfo failed: No such host is known.
2013-07-30T11:10:04+00:00 DEBUG (7): SQLSTATE[HY000] [2002] php_network_getaddresses: getaddrinfo failed: No such host is known.
2013-07-30T11:13:18+00:00 DEBUG (7): SQLSTATE[HY000] [2002] php_network_getaddresses: getaddrinfo failed: No such host is known.
2013-07-30T11:17:25+00:00 DEBUG (7): SQLSTATE[HY000] [2002] php_network_getaddresses: getaddrinfo failed: No such host is known.
2013-07-30T11:17:44+00:00 DEBUG (7): SQLSTATE[HY000] [2002] php_network_getaddresses: getaddrinfo failed: No such host is known.
2013-07-30T11:18:39+00:00 DEBUG (7): SQLSTATE[HY000] [2002] php_network_getaddresses: getaddrinfo failed: No such host is known.
2013-07-30T11:18:59+00:00 DEBUG (7): SQLSTATE[HY000] [2002] php_network_getaddresses: getaddrinfo failed: No such host is known.
2013-07-30T11:19:22+00:00 DEBUG (7): SQLSTATE[HY000] [2002] php_network_getaddresses: getaddrinfo failed: No such host is known.
2013-07-30T11:19:39+00:00 DEBUG (7): SQLSTATE[HY000] [2002] php_network_getaddresses: getaddrinfo failed: No such host is known.
2013-07-30T11:23:40+00:00 DEBUG (7): SQLSTATE[HY000] [2002] php_network_getaddresses: getaddrinfo failed: No such host is known.
2013-07-30T11:26:11+00:00 DEBUG (7): SQLSTATE[HY000] [2002] php_network_getaddresses: getaddrinfo failed: No such host is known.
2013-07-30T15:46:02+00:00 DEBUG (7): SQLSTATE[HY000] [2002] php_network_getaddresses: getaddrinfo failed: No such host is known.
2013-07-30T15:48:43+00:00 DEBUG (7): SQLSTATE[HY000] [2002] php_network_getaddresses: getaddrinfo failed: No such host is known.
2013-07-30T15:49:05+00:00 DEBUG (7): SQLSTATE[HY000] [2002] php_network_getaddresses: getaddrinfo failed: No such host is known.
2013-07-30T15:53:45+00:00 DEBUG (7): SQLSTATE[HY000] [2002] php_network_getaddresses: getaddrinfo failed: No such host is known.
2013-07-30T16:00:25+00:00 DEBUG (7): SQLSTATE[HY000] [2002] php_network_getaddresses: getaddrinfo failed: No such host is known.
2013-07-30T16:01:19+00:00 DEBUG (7): SQLSTATE[HY000] [2002] php_network_getaddresses: getaddrinfo failed: No such host is known.
2013-07-30T16:01:35+00:00 DEBUG (7): SQLSTATE[HY000] [2002] php_network_getaddresses: getaddrinfo failed: No such host is known.
2013-07-30T16:05:10+00:00 DEBUG (7): SQLSTATE[HY000] [2002] php_network_getaddresses: getaddrinfo failed: No such host is known.
2013-07-30T16:06:04+00:00 DEBUG (7): SQLSTATE[HY000] [2002] php_network_getaddresses: getaddrinfo failed: No such host is known.
2013-07-30T16:15:58+00:00 DEBUG (7): SQLSTATE[HY000] [2002] php_network_getaddresses: getaddrinfo failed: No such host is known.
2013-07-30T16:25:08+00:00 DEBUG (7): SQLSTATE[HY000] [2002] php_network_getaddresses: getaddrinfo failed: No such host is known.
2013-07-30T16:26:02+00:00 DEBUG (7): SQLSTATE[HY000] [2002] php_network_getaddresses: getaddrinfo failed: No such host is known.
2013-07-30T16:26:18+00:00 DEBUG (7): SQLSTATE[HY000] [2002] php_network_getaddresses: getaddrinfo failed: No such host is known.
2013-07-30T16:30:36+00:00 DEBUG (7): SQLSTATE[HY000] [2002] php_network_getaddresses: getaddrinfo failed: No such host is known.
2013-07-30T16:30:55+00:00 DEBUG (7): SQLSTATE[HY000] [2002] php_network_getaddresses: getaddrinfo failed: No such host is known.
2013-07-30T16:31:33+00:00 DEBUG (7): SQLSTATE[HY000] [2002] php_network_getaddresses: getaddrinfo failed: No such host is known.
2013-07-31T08:31:58+00:00 DEBUG (7): SQLSTATE[HY000] [2002] php_network_getaddresses: getaddrinfo failed: No such host is known.
2013-07-31T08:34:54+00:00 DEBUG (7): SQLSTATE[HY000] [2002] php_network_getaddresses: getaddrinfo failed: No such host is known.
2013-07-31T08:36:35+00:00 DEBUG (7): SQLSTATE[HY000] [2002] php_network_getaddresses: getaddrinfo failed: No such host is known.
2013-07-31T08:36:46+00:00 DEBUG (7): SQLSTATE[HY000] [2002] php_network_getaddresses: getaddrinfo failed: No such host is known.
2013-07-31T08:42:32+00:00 DEBUG (7): SQLSTATE[HY000] [2002] php_network_getaddresses: getaddrinfo failed: No such host is known.
2013-07-31T09:04:07+00:00 DEBUG (7): SQLSTATE[HY000] [2002] php_network_getaddresses: getaddrinfo failed: No such host is known.
2013-07-31T09:06:46+00:00 DEBUG (7): SQLSTATE[HY000] [2002] php_network_getaddresses: getaddrinfo failed: No such host is known.
2013-07-31T09:10:49+00:00 DEBUG (7): SQLSTATE[HY000] [2002] php_network_getaddresses: getaddrinfo failed: No such host is known.
2013-07-31T09:11:20+00:00 DEBUG (7): SQLSTATE[HY000] [2002] php_network_getaddresses: getaddrinfo failed: No such host is known.
2013-07-31T09:11:34+00:00 DEBUG (7): SQLSTATE[HY000] [2002] php_network_getaddresses: getaddrinfo failed: No such host is known.
2013-07-31T09:17:13+00:00 DEBUG (7): SQLSTATE[HY000] [2002] php_network_getaddresses: getaddrinfo failed: No such host is known.
2013-07-31T09:21:01+00:00 DEBUG (7): SQLSTATE[HY000] [2002] php_network_getaddresses: getaddrinfo failed: No such host is known.
2013-07-31T09:22:27+00:00 DEBUG (7): SQLSTATE[HY000] [2002] php_network_getaddresses: getaddrinfo failed: No such host is known.
2013-07-31T09:30:08+00:00 DEBUG (7): SQLSTATE[HY000] [2002] php_network_getaddresses: getaddrinfo failed: No such host is known.
2013-07-31T09:31:54+00:00 DEBUG (7): SQLSTATE[HY000] [2002] php_network_getaddresses: getaddrinfo failed: No such host is known.
2013-07-31T09:34:48+00:00 DEBUG (7): SQLSTATE[HY000] [2002] php_network_getaddresses: getaddrinfo failed: No such host is known.
2013-07-31T09:36:28+00:00 DEBUG (7): SQLSTATE[HY000] [2002] php_network_getaddresses: getaddrinfo failed: No such host is known.
2013-07-31T10:06:37+00:00 DEBUG (7): SQLSTATE[HY000] [2002] php_network_getaddresses: getaddrinfo failed: No such host is known.
2013-07-31T10:07:03+00:00 DEBUG (7): SQLSTATE[HY000] [2002] php_network_getaddresses: getaddrinfo failed: No such host is known.
2013-07-31T10:20:57+00:00 DEBUG (7): SQLSTATE[HY000] [2002] php_network_getaddresses: getaddrinfo failed: No such host is known.
2013-07-31T10:24:30+00:00 DEBUG (7): SQLSTATE[HY000] [2002] php_network_getaddresses: getaddrinfo failed: No such host is known.
2013-07-31T10:25:03+00:00 DEBUG (7): SQLSTATE[HY000] [2002] php_network_getaddresses: getaddrinfo failed: No such host is known.
2013-07-31T10:49:37+00:00 DEBUG (7): SQLSTATE[HY000] [2002] php_network_getaddresses: getaddrinfo failed: No such host is known.
2013-07-31T10:53:52+00:00 DEBUG (7): SQLSTATE[HY000] [2002] php_network_getaddresses: getaddrinfo failed: No such host is known.
2013-07-31T10:55:52+00:00 DEBUG (7): SQLSTATE[HY000] [2002] php_network_getaddresses: getaddrinfo failed: No such host is known.
2013-07-31T10:56:22+00:00 DEBUG (7): SQLSTATE[HY000] [2002] php_network_getaddresses: getaddrinfo failed: No such host is known.
2013-07-31T10:57:46+00:00 DEBUG (7): SQLSTATE[HY000] [2002] php_network_getaddresses: getaddrinfo failed: No such host is known.
2013-07-31T10:58:08+00:00 DEBUG (7): SQLSTATE[HY000] [2002] php_network_getaddresses: getaddrinfo failed: No such host is known.
2013-07-31T10:58:23+00:00 DEBUG (7): SQLSTATE[HY000] [2002] php_network_getaddresses: getaddrinfo failed: No such host is known.
2013-07-31T10:59:37+00:00 DEBUG (7): SQLSTATE[HY000] [2002] php_network_getaddresses: getaddrinfo failed: No such host is known.
2013-07-31T11:00:00+00:00 DEBUG (7): SQLSTATE[HY000] [2002] php_network_getaddresses: getaddrinfo failed: No such host is known.
2013-07-31T11:02:53+00:00 DEBUG (7): SQLSTATE[HY000] [2002] php_network_getaddresses: getaddrinfo failed: No such host is known.
2013-07-31T11:05:58+00:00 DEBUG (7): SQLSTATE[HY000] [2002] php_network_getaddresses: getaddrinfo failed: No such host is known.
2013-07-31T11:09:06+00:00 DEBUG (7): SQLSTATE[HY000] [2002] php_network_getaddresses: getaddrinfo failed: No such host is known.
2013-07-31T11:11:13+00:00 DEBUG (7): SQLSTATE[HY000] [2002] php_network_getaddresses: getaddrinfo failed: No such host is known.
2013-07-31T11:13:27+00:00 DEBUG (7): SQLSTATE[HY000] [2002] php_network_getaddresses: getaddrinfo failed: No such host is known.
2013-07-31T11:16:17+00:00 DEBUG (7): SQLSTATE[HY000] [2002] php_network_getaddresses: getaddrinfo failed: No such host is known.
2013-07-31T11:18:45+00:00 DEBUG (7): SQLSTATE[HY000] [2002] php_network_getaddresses: getaddrinfo failed: No such host is known.
2013-07-31T11:19:14+00:00 DEBUG (7): SQLSTATE[HY000] [2002] php_network_getaddresses: getaddrinfo failed: No such host is known.
2013-07-31T11:20:02+00:00 DEBUG (7): SQLSTATE[HY000] [2002] php_network_getaddresses: getaddrinfo failed: No such host is known.
2013-07-31T11:24:31+00:00 DEBUG (7): SQLSTATE[HY000] [2002] php_network_getaddresses: getaddrinfo failed: No such host is known.
2013-07-31T11:28:34+00:00 DEBUG (7): SQLSTATE[HY000] [2002] php_network_getaddresses: getaddrinfo failed: No such host is known.
2013-07-31T11:28:52+00:00 DEBUG (7): SQLSTATE[HY000] [2002] php_network_getaddresses: getaddrinfo failed: No such host is known.
2013-07-31T11:29:41+00:00 DEBUG (7): SQLSTATE[HY000] [2002] php_network_getaddresses: getaddrinfo failed: No such host is known.
2013-07-31T11:32:13+00:00 DEBUG (7): SQLSTATE[HY000] [2002] php_network_getaddresses: getaddrinfo failed: No such host is known.
2013-07-31T11:35:07+00:00 DEBUG (7): SQLSTATE[HY000] [2002] php_network_getaddresses: getaddrinfo failed: No such host is known.
2013-07-31T11:35:35+00:00 DEBUG (7): SQLSTATE[HY000] [2002] php_network_getaddresses: getaddrinfo failed: No such host is known.
2013-07-31T11:37:29+00:00 DEBUG (7): SQLSTATE[HY000] [2002] php_network_getaddresses: getaddrinfo failed: No such host is known.
2013-07-31T11:41:07+00:00 DEBUG (7): SQLSTATE[HY000] [2002] php_network_getaddresses: getaddrinfo failed: No such host is known.
2013-07-31T11:42:35+00:00 DEBUG (7): SQLSTATE[HY000] [2002] php_network_getaddresses: getaddrinfo failed: No such host is known.
2013-07-31T11:44:39+00:00 DEBUG (7): SQLSTATE[HY000] [2002] php_network_getaddresses: getaddrinfo failed: No such host is known.
2013-07-31T11:49:17+00:00 DEBUG (7): SQLSTATE[HY000] [2002] php_network_getaddresses: getaddrinfo failed: No such host is known.
2013-07-31T11:50:05+00:00 DEBUG (7): SQLSTATE[HY000] [2002] php_network_getaddresses: getaddrinfo failed: No such host is known.
2013-07-31T11:51:25+00:00 DEBUG (7): SQLSTATE[HY000] [2002] php_network_getaddresses: getaddrinfo failed: No such host is known.
2013-07-31T11:52:06+00:00 DEBUG (7): SQLSTATE[HY000] [2002] php_network_getaddresses: getaddrinfo failed: No such host is known.
2013-07-31T11:54:42+00:00 DEBUG (7): SQLSTATE[HY000] [2002] php_network_getaddresses: getaddrinfo failed: No such host is known.
2013-07-31T11:55:34+00:00 DEBUG (7): SQLSTATE[HY000] [2002] php_network_getaddresses: getaddrinfo failed: No such host is known.
2013-07-31T11:57:14+00:00 DEBUG (7): SQLSTATE[HY000] [2002] php_network_getaddresses: getaddrinfo failed: No such host is known.
2013-07-31T11:58:44+00:00 DEBUG (7): SQLSTATE[HY000] [2002] php_network_getaddresses: getaddrinfo failed: No such host is known.
2013-07-31T12:00:09+00:00 DEBUG (7): SQLSTATE[HY000] [2002] php_network_getaddresses: getaddrinfo failed: No such host is known.
2013-07-31T12:00:32+00:00 DEBUG (7): SQLSTATE[HY000] [2002] php_network_getaddresses: getaddrinfo failed: No such host is known.
2013-07-31T12:00:43+00:00 DEBUG (7): SQLSTATE[HY000] [2002] php_network_getaddresses: getaddrinfo failed: No such host is known.
2013-07-31T12:01:07+00:00 DEBUG (7): SQLSTATE[HY000] [2002] php_network_getaddresses: getaddrinfo failed: No such host is known.
2013-07-31T12:02:32+00:00 DEBUG (7): SQLSTATE[HY000] [2002] php_network_getaddresses: getaddrinfo failed: No such host is known.
2013-07-31T12:03:27+00:00 DEBUG (7): SQLSTATE[HY000] [2002] php_network_getaddresses: getaddrinfo failed: No such host is known.
2013-07-31T12:04:14+00:00 DEBUG (7): SQLSTATE[HY000] [2002] php_network_getaddresses: getaddrinfo failed: No such host is known.
2013-07-31T12:05:10+00:00 DEBUG (7): SQLSTATE[HY000] [2002] php_network_getaddresses: getaddrinfo failed: No such host is known.
2013-07-31T12:06:13+00:00 DEBUG (7): SQLSTATE[HY000] [2002] php_network_getaddresses: getaddrinfo failed: No such host is known.
2013-07-31T12:09:03+00:00 DEBUG (7): SQLSTATE[HY000] [2002] php_network_getaddresses: getaddrinfo failed: No such host is known.
2013-07-31T12:09:33+00:00 DEBUG (7): SQLSTATE[HY000] [2002] php_network_getaddresses: getaddrinfo failed: No such host is known.
2013-07-31T12:11:29+00:00 DEBUG (7): SQLSTATE[HY000] [2002] php_network_getaddresses: getaddrinfo failed: No such host is known.
2013-07-31T12:11:52+00:00 DEBUG (7): SQLSTATE[HY000] [2002] php_network_getaddresses: getaddrinfo failed: No such host is known.
2013-07-31T12:12:21+00:00 DEBUG (7): SQLSTATE[HY000] [2002] php_network_getaddresses: getaddrinfo failed: No such host is known.
2013-07-31T12:13:51+00:00 DEBUG (7): SQLSTATE[HY000] [2002] php_network_getaddresses: getaddrinfo failed: No such host is known.
2013-07-31T12:13:55+00:00 DEBUG (7): SQLSTATE[HY000] [2002] php_network_getaddresses: getaddrinfo failed: No such host is known.
2013-07-31T12:14:44+00:00 DEBUG (7): SQLSTATE[HY000] [2002] php_network_getaddresses: getaddrinfo failed: No such host is known.
2013-07-31T13:46:00+00:00 DEBUG (7): SQLSTATE[HY000] [2002] php_network_getaddresses: getaddrinfo failed: No such host is known.
2013-07-31T13:48:39+00:00 DEBUG (7): SQLSTATE[HY000] [2002] php_network_getaddresses: getaddrinfo failed: No such host is known.
2013-07-31T13:49:43+00:00 DEBUG (7): SQLSTATE[HY000] [2002] php_network_getaddresses: getaddrinfo failed: No such host is known.
2013-07-31T13:50:29+00:00 DEBUG (7): SQLSTATE[HY000] [2002] php_network_getaddresses: getaddrinfo failed: No such host is known.
2013-07-31T13:52:43+00:00 DEBUG (7): SQLSTATE[HY000] [2002] php_network_getaddresses: getaddrinfo failed: No such host is known.
2013-07-31T13:53:55+00:00 DEBUG (7): SQLSTATE[HY000] [2002] php_network_getaddresses: getaddrinfo failed: No such host is known.
2013-07-31T13:55:52+00:00 DEBUG (7): SQLSTATE[HY000] [2002] php_network_getaddresses: getaddrinfo failed: No such host is known.
2013-07-31T13:59:53+00:00 DEBUG (7): SQLSTATE[HY000] [2002] php_network_getaddresses: getaddrinfo failed: No such host is known.
2013-07-31T14:03:38+00:00 DEBUG (7): SQLSTATE[HY000] [2002] php_network_getaddresses: getaddrinfo failed: No such host is known.
2013-07-31T14:04:39+00:00 DEBUG (7): SQLSTATE[HY000] [2002] php_network_getaddresses: getaddrinfo failed: No such host is known.
2013-07-31T14:09:27+00:00 DEBUG (7): SQLSTATE[HY000] [2002] php_network_getaddresses: getaddrinfo failed: No such host is known.
2013-07-31T14:10:38+00:00 DEBUG (7): SQLSTATE[HY000] [2002] php_network_getaddresses: getaddrinfo failed: No such host is known.
2013-07-31T14:13:35+00:00 DEBUG (7): SQLSTATE[HY000] [2002] php_network_getaddresses: getaddrinfo failed: No such host is known.
2013-07-31T14:15:08+00:00 DEBUG (7): SQLSTATE[HY000] [2002] php_network_getaddresses: getaddrinfo failed: No such host is known.
2013-07-31T14:17:36+00:00 DEBUG (7): SQLSTATE[HY000] [2002] php_network_getaddresses: getaddrinfo failed: No such host is known.
2013-07-31T14:18:54+00:00 DEBUG (7): SQLSTATE[HY000] [2002] php_network_getaddresses: getaddrinfo failed: No such host is known.
2013-07-31T14:20:32+00:00 DEBUG (7): SQLSTATE[HY000] [2002] php_network_getaddresses: getaddrinfo failed: No such host is known.
2013-07-31T14:21:50+00:00 DEBUG (7): SQLSTATE[HY000] [2002] php_network_getaddresses: getaddrinfo failed: No such host is known.
2013-07-31T14:25:45+00:00 DEBUG (7): SQLSTATE[HY000] [2002] php_network_getaddresses: getaddrinfo failed: No such host is known.
2013-07-31T14:26:58+00:00 DEBUG (7): SQLSTATE[HY000] [2002] php_network_getaddresses: getaddrinfo failed: No such host is known.
2013-07-31T14:30:15+00:00 DEBUG (7): SQLSTATE[HY000] [2002] php_network_getaddresses: getaddrinfo failed: No such host is known.
2013-07-31T14:32:02+00:00 DEBUG (7): SQLSTATE[HY000] [2002] php_network_getaddresses: getaddrinfo failed: No such host is known.
2013-07-31T14:35:53+00:00 DEBUG (7): SQLSTATE[HY000] [2002] php_network_getaddresses: getaddrinfo failed: No such host is known.
2013-07-31T14:36:27+00:00 DEBUG (7): SQLSTATE[HY000] [2002] php_network_getaddresses: getaddrinfo failed: No such host is known.
2013-07-31T15:13:04+00:00 DEBUG (7): SQLSTATE[HY000] [2002] php_network_getaddresses: getaddrinfo failed: No such host is known.
2013-07-31T15:14:19+00:00 DEBUG (7): SQLSTATE[HY000] [2002] php_network_getaddresses: getaddrinfo failed: No such host is known.
2013-07-31T17:19:56+00:00 DEBUG (7): SQLSTATE[HY000] [2002] php_network_getaddresses: getaddrinfo failed: No such host is known.
2013-07-31T17:25:47+00:00 DEBUG (7): SQLSTATE[HY000] [2002] php_network_getaddresses: getaddrinfo failed: No such host is known.
2013-07-31T17:26:31+00:00 DEBUG (7): SQLSTATE[HY000] [2002] php_network_getaddresses: getaddrinfo failed: No such host is known.
2013-07-31T17:28:45+00:00 DEBUG (7): SQLSTATE[HY000] [2002] php_network_getaddresses: getaddrinfo failed: No such host is known.
2013-07-31T17:31:27+00:00 DEBUG (7): SQLSTATE[HY000] [2002] php_network_getaddresses: getaddrinfo failed: No such host is known.
2013-07-31T17:33:16+00:00 DEBUG (7): SQLSTATE[HY000] [2002] php_network_getaddresses: getaddrinfo failed: No such host is known.
2013-07-31T17:35:16+00:00 DEBUG (7): SQLSTATE[HY000] [2002] php_network_getaddresses: getaddrinfo failed: No such host is known.
2013-07-31T17:35:26+00:00 DEBUG (7): SQLSTATE[HY000] [2002] php_network_getaddresses: getaddrinfo failed: No such host is known.
2013-07-31T17:36:42+00:00 DEBUG (7): SQLSTATE[HY000] [2002] php_network_getaddresses: getaddrinfo failed: No such host is known.
2013-07-31T17:37:46+00:00 DEBUG (7): SQLSTATE[HY000] [2002] php_network_getaddresses: getaddrinfo failed: No such host is known.
2013-07-31T17:40:40+00:00 DEBUG (7): SQLSTATE[HY000] [2002] php_network_getaddresses: getaddrinfo failed: No such host is known.
2013-07-31T17:41:28+00:00 DEBUG (7): SQLSTATE[HY000] [2002] php_network_getaddresses: getaddrinfo failed: No such host is known.
2013-07-31T17:41:44+00:00 DEBUG (7): SQLSTATE[HY000] [2002] php_network_getaddresses: getaddrinfo failed: No such host is known.
2013-07-31T17:43:49+00:00 DEBUG (7): SQLSTATE[HY000] [2002] php_network_getaddresses: getaddrinfo failed: No such host is known.
2013-07-31T17:43:59+00:00 DEBUG (7): SQLSTATE[HY000] [2002] php_network_getaddresses: getaddrinfo failed: No such host is known.
2013-07-31T17:44:56+00:00 DEBUG (7): SQLSTATE[HY000] [2002] php_network_getaddresses: getaddrinfo failed: No such host is known.
2013-07-31T17:46:57+00:00 DEBUG (7): SQLSTATE[HY000] [2002] php_network_getaddresses: getaddrinfo failed: No such host is known.
2013-07-31T17:47:17+00:00 DEBUG (7): SQLSTATE[HY000] [2002] php_network_getaddresses: getaddrinfo failed: No such host is known.
2013-07-31T18:01:18+00:00 DEBUG (7): SQLSTATE[HY000] [2002] php_network_getaddresses: getaddrinfo failed: No such host is known.
2013-07-31T18:02:11+00:00 DEBUG (7): SQLSTATE[HY000] [2002] php_network_getaddresses: getaddrinfo failed: No such host is known.
2013-07-31T18:02:17+00:00 DEBUG (7): SQLSTATE[HY000] [2002] php_network_getaddresses: getaddrinfo failed: No such host is known.
2013-07-31T18:03:27+00:00 DEBUG (7): SQLSTATE[HY000] [2002] php_network_getaddresses: getaddrinfo failed: No such host is known.
2013-07-31T18:04:22+00:00 DEBUG (7): SQLSTATE[HY000] [2002] php_network_getaddresses: getaddrinfo failed: No such host is known.
2013-07-31T18:05:53+00:00 DEBUG (7): SQLSTATE[HY000] [2002] php_network_getaddresses: getaddrinfo failed: No such host is known.
2013-07-31T18:06:16+00:00 DEBUG (7): SQLSTATE[HY000] [2002] php_network_getaddresses: getaddrinfo failed: No such host is known.
2013-07-31T18:06:45+00:00 DEBUG (7): SQLSTATE[HY000] [2002] php_network_getaddresses: getaddrinfo failed: No such host is known.
2013-08-01T08:55:41+00:00 DEBUG (7): SQLSTATE[HY000] [2002] php_network_getaddresses: getaddrinfo failed: No such host is known.
2013-08-01T09:48:52+00:00 DEBUG (7): SQLSTATE[HY000] [2002] php_network_getaddresses: getaddrinfo failed: No such host is known.
2013-08-01T09:51:15+00:00 DEBUG (7): SQLSTATE[HY000] [2002] php_network_getaddresses: getaddrinfo failed: No such host is known.
2013-08-01T09:53:33+00:00 DEBUG (7): SQLSTATE[HY000] [2002] php_network_getaddresses: getaddrinfo failed: No such host is known.
2013-08-01T09:54:39+00:00 DEBUG (7): SQLSTATE[HY000] [2002] php_network_getaddresses: getaddrinfo failed: No such host is known.
2013-08-01T09:56:39+00:00 DEBUG (7): SQLSTATE[HY000] [2002] php_network_getaddresses: getaddrinfo failed: No such host is known.
2013-08-01T09:57:15+00:00 DEBUG (7): SQLSTATE[HY000] [2002] php_network_getaddresses: getaddrinfo failed: No such host is known.
2013-08-01T10:00:04+00:00 DEBUG (7): SQLSTATE[HY000] [2002] php_network_getaddresses: getaddrinfo failed: No such host is known.
2013-08-01T10:08:10+00:00 DEBUG (7): SQLSTATE[HY000] [2002] php_network_getaddresses: getaddrinfo failed: No such host is known.
2013-08-01T10:09:23+00:00 DEBUG (7): SQLSTATE[HY000] [2002] php_network_getaddresses: getaddrinfo failed: No such host is known.
2013-08-01T10:09:42+00:00 DEBUG (7): SQLSTATE[HY000] [2002] php_network_getaddresses: getaddrinfo failed: No such host is known.
2013-08-01T10:10:18+00:00 DEBUG (7): SQLSTATE[HY000] [2002] php_network_getaddresses: getaddrinfo failed: No such host is known.
2013-08-01T10:10:37+00:00 DEBUG (7): SQLSTATE[HY000] [2002] php_network_getaddresses: getaddrinfo failed: No such host is known.
2013-08-01T10:11:48+00:00 DEBUG (7): SQLSTATE[HY000] [2002] php_network_getaddresses: getaddrinfo failed: No such host is known.
2013-08-01T10:15:02+00:00 DEBUG (7): SQLSTATE[HY000] [2002] php_network_getaddresses: getaddrinfo failed: No such host is known.
2013-08-01T10:16:56+00:00 DEBUG (7): SQLSTATE[HY000] [2002] php_network_getaddresses: getaddrinfo failed: No such host is known.
2013-08-01T10:18:08+00:00 DEBUG (7): SQLSTATE[HY000] [2002] php_network_getaddresses: getaddrinfo failed: No such host is known.
2013-08-01T10:18:15+00:00 DEBUG (7): SQLSTATE[HY000] [2002] php_network_getaddresses: getaddrinfo failed: No such host is known.
2013-08-01T10:21:16+00:00 DEBUG (7): SQLSTATE[HY000] [2002] php_network_getaddresses: getaddrinfo failed: No such host is known.
2013-08-01T10:23:56+00:00 DEBUG (7): SQLSTATE[HY000] [2002] php_network_getaddresses: getaddrinfo failed: No such host is known.
2013-08-01T10:25:11+00:00 DEBUG (7): SQLSTATE[HY000] [2002] php_network_getaddresses: getaddrinfo failed: No such host is known.
2013-08-01T10:25:21+00:00 DEBUG (7): SQLSTATE[HY000] [2002] php_network_getaddresses: getaddrinfo failed: No such host is known.
2013-08-01T10:25:51+00:00 DEBUG (7): SQLSTATE[HY000] [2002] php_network_getaddresses: getaddrinfo failed: No such host is known.
2013-08-01T10:27:24+00:00 DEBUG (7): SQLSTATE[HY000] [2002] php_network_getaddresses: getaddrinfo failed: No such host is known.
2013-08-01T10:28:09+00:00 DEBUG (7): SQLSTATE[HY000] [2002] php_network_getaddresses: getaddrinfo failed: No such host is known.
2013-08-01T10:28:18+00:00 DEBUG (7): SQLSTATE[HY000] [2002] php_network_getaddresses: getaddrinfo failed: No such host is known.
2013-08-01T10:28:52+00:00 DEBUG (7): SQLSTATE[HY000] [2002] php_network_getaddresses: getaddrinfo failed: No such host is known.
2013-08-01T10:29:35+00:00 DEBUG (7): SQLSTATE[HY000] [2002] php_network_getaddresses: getaddrinfo failed: No such host is known.
2013-08-01T10:29:42+00:00 DEBUG (7): SQLSTATE[HY000] [2002] php_network_getaddresses: getaddrinfo failed: No such host is known.
2013-08-01T10:32:00+00:00 DEBUG (7): SQLSTATE[HY000] [2002] php_network_getaddresses: getaddrinfo failed: No such host is known.
2013-08-01T14:01:48+00:00 DEBUG (7): SQLSTATE[HY000] [2002] php_network_getaddresses: getaddrinfo failed: No such host is known.
2013-08-01T14:22:43+00:00 DEBUG (7): SQLSTATE[HY000] [2002] php_network_getaddresses: getaddrinfo failed: No such host is known.
2013-08-01T14:23:47+00:00 DEBUG (7): SQLSTATE[HY000] [2002] php_network_getaddresses: getaddrinfo failed: No such host is known.
2013-08-01T14:30:00+00:00 DEBUG (7): SQLSTATE[HY000] [2002] php_network_getaddresses: getaddrinfo failed: No such host is known.
2013-08-01T14:33:08+00:00 DEBUG (7): SQLSTATE[HY000] [2002] php_network_getaddresses: getaddrinfo failed: No such host is known.
2013-08-01T14:37:22+00:00 DEBUG (7): SQLSTATE[HY000] [2002] php_network_getaddresses: getaddrinfo failed: No such host is known.
2013-08-01T14:38:18+00:00 DEBUG (7): SQLSTATE[HY000] [2002] php_network_getaddresses: getaddrinfo failed: No such host is known.
2013-08-01T14:38:27+00:00 DEBUG (7): SQLSTATE[HY000] [2002] php_network_getaddresses: getaddrinfo failed: No such host is known.
2013-08-01T14:39:51+00:00 DEBUG (7): SQLSTATE[HY000] [2002] php_network_getaddresses: getaddrinfo failed: No such host is known.
2013-08-01T14:41:35+00:00 DEBUG (7): SQLSTATE[HY000] [2002] php_network_getaddresses: getaddrinfo failed: No such host is known.
2013-08-01T14:41:56+00:00 DEBUG (7): SQLSTATE[HY000] [2002] php_network_getaddresses: getaddrinfo failed: No such host is known.
2013-08-01T14:42:13+00:00 DEBUG (7): SQLSTATE[HY000] [2002] php_network_getaddresses: getaddrinfo failed: No such host is known.
2013-08-01T14:43:14+00:00 DEBUG (7): SQLSTATE[HY000] [2002] php_network_getaddresses: getaddrinfo failed: No such host is known.
2013-08-01T14:43:26+00:00 DEBUG (7): SQLSTATE[HY000] [2002] php_network_getaddresses: getaddrinfo failed: No such host is known.
2013-08-01T14:43:50+00:00 DEBUG (7): SQLSTATE[HY000] [2002] php_network_getaddresses: getaddrinfo failed: No such host is known.
2013-08-01T14:44:15+00:00 DEBUG (7): SQLSTATE[HY000] [2002] php_network_getaddresses: getaddrinfo failed: No such host is known.
2013-08-01T14:47:39+00:00 DEBUG (7): SQLSTATE[HY000] [2002] php_network_getaddresses: getaddrinfo failed: No such host is known.
2013-08-01T14:47:48+00:00 DEBUG (7): SQLSTATE[HY000] [2002] php_network_getaddresses: getaddrinfo failed: No such host is known.
2013-08-01T14:48:34+00:00 DEBUG (7): SQLSTATE[HY000] [2002] php_network_getaddresses: getaddrinfo failed: No such host is known.
2013-08-01T14:54:55+00:00 DEBUG (7): SQLSTATE[HY000] [2002] php_network_getaddresses: getaddrinfo failed: No such host is known.
2013-08-01T14:56:45+00:00 DEBUG (7): SQLSTATE[HY000] [2002] php_network_getaddresses: getaddrinfo failed: No such host is known.
2013-08-01T15:00:15+00:00 DEBUG (7): SQLSTATE[HY000] [2002] php_network_getaddresses: getaddrinfo failed: No such host is known.
2013-08-01T15:00:20+00:00 DEBUG (7): SQLSTATE[HY000] [2002] php_network_getaddresses: getaddrinfo failed: No such host is known.
2013-08-01T15:08:35+00:00 DEBUG (7): SQLSTATE[HY000] [2002] php_network_getaddresses: getaddrinfo failed: No such host is known.
2013-08-01T15:12:59+00:00 DEBUG (7): SQLSTATE[HY000] [2002] php_network_getaddresses: getaddrinfo failed: No such host is known.
2013-08-01T15:16:09+00:00 DEBUG (7): SQLSTATE[HY000] [2002] php_network_getaddresses: getaddrinfo failed: No such host is known.
2013-08-01T15:17:50+00:00 DEBUG (7): SQLSTATE[HY000] [2002] php_network_getaddresses: getaddrinfo failed: No such host is known.
2013-08-01T15:24:08+00:00 DEBUG (7): SQLSTATE[HY000] [2002] php_network_getaddresses: getaddrinfo failed: No such host is known.
2013-08-01T15:24:21+00:00 DEBUG (7): SQLSTATE[HY000] [2002] php_network_getaddresses: getaddrinfo failed: No such host is known.
2013-08-01T15:26:46+00:00 DEBUG (7): SQLSTATE[HY000] [2002] php_network_getaddresses: getaddrinfo failed: No such host is known.
2013-08-01T15:27:13+00:00 DEBUG (7): SQLSTATE[HY000] [2002] php_network_getaddresses: getaddrinfo failed: No such host is known.
2013-08-01T15:31:00+00:00 DEBUG (7): SQLSTATE[HY000] [2002] php_network_getaddresses: getaddrinfo failed: No such host is known.
2013-08-01T15:31:13+00:00 DEBUG (7): SQLSTATE[HY000] [2002] php_network_getaddresses: getaddrinfo failed: No such host is known.
2013-08-01T15:31:35+00:00 DEBUG (7): SQLSTATE[HY000] [2002] php_network_getaddresses: getaddrinfo failed: No such host is known.
2013-08-01T15:33:00+00:00 DEBUG (7): SQLSTATE[HY000] [2002] php_network_getaddresses: getaddrinfo failed: No such host is known.
2013-08-01T15:37:19+00:00 DEBUG (7): SQLSTATE[HY000] [2002] php_network_getaddresses: getaddrinfo failed: No such host is known.
2013-08-01T15:39:55+00:00 DEBUG (7): SQLSTATE[HY000] [2002] php_network_getaddresses: getaddrinfo failed: No such host is known.
2013-08-01T15:44:27+00:00 DEBUG (7): SQLSTATE[HY000] [2002] php_network_getaddresses: getaddrinfo failed: No such host is known.
2013-08-01T15:44:34+00:00 DEBUG (7): SQLSTATE[HY000] [2002] php_network_getaddresses: getaddrinfo failed: No such host is known.
2013-08-01T15:51:01+00:00 DEBUG (7): SQLSTATE[HY000] [2002] php_network_getaddresses: getaddrinfo failed: No such host is known.
2013-08-01T15:51:13+00:00 DEBUG (7): SQLSTATE[HY000] [2002] php_network_getaddresses: getaddrinfo failed: No such host is known.
2013-08-01T15:53:49+00:00 DEBUG (7): SQLSTATE[HY000] [2002] php_network_getaddresses: getaddrinfo failed: No such host is known.
2013-08-01T16:11:51+00:00 DEBUG (7): SQLSTATE[HY000] [2002] php_network_getaddresses: getaddrinfo failed: No such host is known.
2013-08-01T16:21:56+00:00 DEBUG (7): SQLSTATE[HY000] [2002] php_network_getaddresses: getaddrinfo failed: No such host is known.
2013-08-01T16:22:20+00:00 DEBUG (7): SQLSTATE[HY000] [2002] php_network_getaddresses: getaddrinfo failed: No such host is known.
2013-08-01T16:23:04+00:00 DEBUG (7): SQLSTATE[HY000] [2002] php_network_getaddresses: getaddrinfo failed: No such host is known.
2013-08-01T16:24:37+00:00 DEBUG (7): SQLSTATE[HY000] [2002] php_network_getaddresses: getaddrinfo failed: No such host is known.
2013-08-01T16:27:29+00:00 DEBUG (7): SQLSTATE[HY000] [2002] php_network_getaddresses: getaddrinfo failed: No such host is known.
2013-08-01T16:27:42+00:00 DEBUG (7): SQLSTATE[HY000] [2002] php_network_getaddresses: getaddrinfo failed: No such host is known.
2013-08-01T16:28:50+00:00 DEBUG (7): SQLSTATE[HY000] [2002] php_network_getaddresses: getaddrinfo failed: No such host is known.
2013-08-01T16:29:37+00:00 DEBUG (7): SQLSTATE[HY000] [2002] php_network_getaddresses: getaddrinfo failed: No such host is known.
2013-08-01T16:34:24+00:00 DEBUG (7): SQLSTATE[HY000] [2002] php_network_getaddresses: getaddrinfo failed: No such host is known.
2013-08-01T16:35:03+00:00 DEBUG (7): SQLSTATE[HY000] [2002] php_network_getaddresses: getaddrinfo failed: No such host is known.
2013-08-01T16:37:37+00:00 DEBUG (7): SQLSTATE[HY000] [2002] php_network_getaddresses: getaddrinfo failed: No such host is known.
2013-08-01T16:38:33+00:00 DEBUG (7): SQLSTATE[HY000] [2002] php_network_getaddresses: getaddrinfo failed: No such host is known.
2013-08-01T16:39:51+00:00 DEBUG (7): SQLSTATE[HY000] [2002] php_network_getaddresses: getaddrinfo failed: No such host is known.
2013-08-01T16:40:10+00:00 DEBUG (7): SQLSTATE[HY000] [2002] php_network_getaddresses: getaddrinfo failed: No such host is known.
2013-08-01T16:41:08+00:00 DEBUG (7): SQLSTATE[HY000] [2002] php_network_getaddresses: getaddrinfo failed: No such host is known.
2013-08-01T16:43:43+00:00 DEBUG (7): SQLSTATE[HY000] [2002] php_network_getaddresses: getaddrinfo failed: No such host is known.
2013-08-01T16:45:11+00:00 DEBUG (7): SQLSTATE[HY000] [2002] php_network_getaddresses: getaddrinfo failed: No such host is known.
2013-08-01T16:45:26+00:00 DEBUG (7): SQLSTATE[HY000] [2002] php_network_getaddresses: getaddrinfo failed: No such host is known.
2013-08-01T16:46:12+00:00 DEBUG (7): SQLSTATE[HY000] [2002] php_network_getaddresses: getaddrinfo failed: No such host is known.
2013-08-01T16:48:05+00:00 DEBUG (7): SQLSTATE[HY000] [2002] php_network_getaddresses: getaddrinfo failed: No such host is known.
2013-08-01T16:52:05+00:00 DEBUG (7): SQLSTATE[HY000] [2002] php_network_getaddresses: getaddrinfo failed: No such host is known.
2013-08-01T17:22:59+00:00 DEBUG (7): SQLSTATE[HY000] [2002] php_network_getaddresses: getaddrinfo failed: No such host is known.
2013-08-01T17:24:40+00:00 DEBUG (7): SQLSTATE[HY000] [2002] php_network_getaddresses: getaddrinfo failed: No such host is known.
2013-08-01T17:25:24+00:00 DEBUG (7): SQLSTATE[HY000] [2002] php_network_getaddresses: getaddrinfo failed: No such host is known.
2013-08-01T17:25:33+00:00 DEBUG (7): SQLSTATE[HY000] [2002] php_network_getaddresses: getaddrinfo failed: No such host is known.
2013-08-01T17:26:17+00:00 DEBUG (7): SQLSTATE[HY000] [2002] php_network_getaddresses: getaddrinfo failed: No such host is known.
2013-08-01T17:28:51+00:00 DEBUG (7): SQLSTATE[HY000] [2002] php_network_getaddresses: getaddrinfo failed: No such host is known.
2013-08-01T17:29:16+00:00 DEBUG (7): SQLSTATE[HY000] [2002] php_network_getaddresses: getaddrinfo failed: No such host is known.
2013-08-01T17:29:25+00:00 DEBUG (7): SQLSTATE[HY000] [2002] php_network_getaddresses: getaddrinfo failed: No such host is known.
2013-08-01T17:32:52+00:00 DEBUG (7): SQLSTATE[HY000] [2002] php_network_getaddresses: getaddrinfo failed: No such host is known.
2013-08-01T17:33:04+00:00 DEBUG (7): SQLSTATE[HY000] [2002] php_network_getaddresses: getaddrinfo failed: No such host is known.
2013-08-01T17:33:54+00:00 DEBUG (7): SQLSTATE[HY000] [2002] php_network_getaddresses: getaddrinfo failed: No such host is known.
2013-08-01T17:34:52+00:00 DEBUG (7): SQLSTATE[HY000] [2002] php_network_getaddresses: getaddrinfo failed: No such host is known.
2013-08-01T17:36:36+00:00 DEBUG (7): SQLSTATE[HY000] [2002] php_network_getaddresses: getaddrinfo failed: No such host is known.
2013-08-01T17:37:27+00:00 DEBUG (7): SQLSTATE[HY000] [2002] php_network_getaddresses: getaddrinfo failed: No such host is known.
2013-08-01T17:37:37+00:00 DEBUG (7): SQLSTATE[HY000] [2002] php_network_getaddresses: getaddrinfo failed: No such host is known.
2013-08-01T17:37:51+00:00 DEBUG (7): SQLSTATE[HY000] [2002] php_network_getaddresses: getaddrinfo failed: No such host is known.
2013-08-01T17:38:28+00:00 DEBUG (7): SQLSTATE[HY000] [2002] php_network_getaddresses: getaddrinfo failed: No such host is known.
2013-08-01T17:38:36+00:00 DEBUG (7): SQLSTATE[HY000] [2002] php_network_getaddresses: getaddrinfo failed: No such host is known.
2013-08-01T17:39:05+00:00 DEBUG (7): SQLSTATE[HY000] [2002] php_network_getaddresses: getaddrinfo failed: No such host is known.
2013-08-01T17:39:49+00:00 DEBUG (7): SQLSTATE[HY000] [2002] php_network_getaddresses: getaddrinfo failed: No such host is known.
2013-08-01T17:40:21+00:00 DEBUG (7): SQLSTATE[HY000] [2002] php_network_getaddresses: getaddrinfo failed: No such host is known.
2013-08-01T17:40:31+00:00 DEBUG (7): SQLSTATE[HY000] [2002] php_network_getaddresses: getaddrinfo failed: No such host is known.
2013-08-01T17:42:11+00:00 DEBUG (7): SQLSTATE[HY000] [2002] php_network_getaddresses: getaddrinfo failed: No such host is known.
2013-08-01T17:42:37+00:00 DEBUG (7): SQLSTATE[HY000] [2002] php_network_getaddresses: getaddrinfo failed: No such host is known.
2013-08-01T17:42:53+00:00 DEBUG (7): SQLSTATE[HY000] [2002] php_network_getaddresses: getaddrinfo failed: No such host is known.
2013-08-01T17:44:49+00:00 DEBUG (7): SQLSTATE[HY000] [2002] php_network_getaddresses: getaddrinfo failed: No such host is known.
2013-08-01T17:45:26+00:00 DEBUG (7): SQLSTATE[HY000] [2002] php_network_getaddresses: getaddrinfo failed: No such host is known.
2013-08-06T13:57:34+00:00 DEBUG (7): SQLSTATE[HY000] [2002] php_network_getaddresses: getaddrinfo failed: No such host is known.
2013-08-06T14:12:44+00:00 DEBUG (7): SQLSTATE[HY000] [2002] php_network_getaddresses: getaddrinfo failed: No such host is known.
2013-08-06T14:13:31+00:00 DEBUG (7): SQLSTATE[HY000] [2002] php_network_getaddresses: getaddrinfo failed: No such host is known.
2013-08-06T14:14:18+00:00 DEBUG (7): SQLSTATE[HY000] [2002] php_network_getaddresses: getaddrinfo failed: No such host is known.
2013-08-06T14:14:38+00:00 DEBUG (7): SQLSTATE[HY000] [2002] php_network_getaddresses: getaddrinfo failed: No such host is known.
2013-08-06T14:15:15+00:00 DEBUG (7): SQLSTATE[HY000] [2002] php_network_getaddresses: getaddrinfo failed: No such host is known.
2013-08-06T14:15:42+00:00 DEBUG (7): SQLSTATE[HY000] [2002] php_network_getaddresses: getaddrinfo failed: No such host is known.
2013-08-06T14:16:05+00:00 DEBUG (7): SQLSTATE[HY000] [2002] php_network_getaddresses: getaddrinfo failed: No such host is known.
2013-08-06T14:17:11+00:00 DEBUG (7): SQLSTATE[HY000] [2002] php_network_getaddresses: getaddrinfo failed: No such host is known.
2013-08-06T14:17:46+00:00 DEBUG (7): SQLSTATE[HY000] [2002] php_network_getaddresses: getaddrinfo failed: No such host is known.
2013-08-06T14:18:32+00:00 DEBUG (7): SQLSTATE[HY000] [2002] php_network_getaddresses: getaddrinfo failed: No such host is known.
2013-08-06T14:19:08+00:00 DEBUG (7): SQLSTATE[HY000] [2002] php_network_getaddresses: getaddrinfo failed: No such host is known.
2013-08-06T14:19:57+00:00 DEBUG (7): SQLSTATE[HY000] [2002] php_network_getaddresses: getaddrinfo failed: No such host is known.
2013-08-06T14:20:34+00:00 DEBUG (7): SQLSTATE[HY000] [2002] php_network_getaddresses: getaddrinfo failed: No such host is known.
2013-08-06T14:21:55+00:00 DEBUG (7): SQLSTATE[HY000] [2002] php_network_getaddresses: getaddrinfo failed: No such host is known.
2013-08-06T14:22:12+00:00 DEBUG (7): SQLSTATE[HY000] [2002] php_network_getaddresses: getaddrinfo failed: No such host is known.
2013-08-06T14:22:25+00:00 DEBUG (7): SQLSTATE[HY000] [2002] php_network_getaddresses: getaddrinfo failed: No such host is known.
2013-08-06T14:22:39+00:00 DEBUG (7): SQLSTATE[HY000] [2002] php_network_getaddresses: getaddrinfo failed: No such host is known.
2013-08-06T14:22:54+00:00 DEBUG (7): SQLSTATE[HY000] [2002] php_network_getaddresses: getaddrinfo failed: No such host is known.
2013-08-06T14:24:55+00:00 DEBUG (7): SQLSTATE[HY000] [2002] php_network_getaddresses: getaddrinfo failed: No such host is known.
2013-08-07T13:13:11+00:00 DEBUG (7): SQLSTATE[HY000] [2002] php_network_getaddresses: getaddrinfo failed: No such host is known.
2013-08-07T13:14:13+00:00 DEBUG (7): SQLSTATE[HY000] [2002] php_network_getaddresses: getaddrinfo failed: No such host is known.
2013-08-07T13:16:34+00:00 DEBUG (7): SQLSTATE[HY000] [2002] php_network_getaddresses: getaddrinfo failed: No such host is known.
2013-08-07T13:16:49+00:00 DEBUG (7): SQLSTATE[HY000] [2002] php_network_getaddresses: getaddrinfo failed: No such host is known.
2013-08-07T13:41:04+00:00 DEBUG (7): SQLSTATE[HY000] [2002] php_network_getaddresses: getaddrinfo failed: No such host is known.
2013-08-07T13:48:23+00:00 DEBUG (7): SQLSTATE[HY000] [2002] php_network_getaddresses: getaddrinfo failed: No such host is known.
2013-08-07T13:48:42+00:00 DEBUG (7): SQLSTATE[HY000] [2002] php_network_getaddresses: getaddrinfo failed: No such host is known.
2013-08-07T13:49:06+00:00 DEBUG (7): SQLSTATE[HY000] [2002] php_network_getaddresses: getaddrinfo failed: No such host is known.
2013-09-02T13:33:11+00:00 DEBUG (7): SQLSTATE[HY000] [2002] php_network_getaddresses: getaddrinfo failed: No such host is known.
2013-09-02T13:33:43+00:00 DEBUG (7): SQLSTATE[HY000] [2002] php_network_getaddresses: getaddrinfo failed: No such host is known.
2013-09-02T14:43:35+00:00 DEBUG (7): SQLSTATE[HY000] [2002] php_network_getaddresses: getaddrinfo failed: No such host is known.
2013-09-02T14:56:50+00:00 DEBUG (7): SQLSTATE[HY000] [2002] php_network_getaddresses: getaddrinfo failed: No such host is known.
2013-09-02T15:39:45+00:00 DEBUG (7): SQLSTATE[HY000] [2002] php_network_getaddresses: getaddrinfo failed: No such host is known.
2013-09-02T15:51:32+00:00 DEBUG (7): SQLSTATE[HY000] [2002] php_network_getaddresses: getaddrinfo failed: No such host is known.
2013-09-02T15:52:07+00:00 DEBUG (7): SQLSTATE[HY000] [2002] php_network_getaddresses: getaddrinfo failed: No such host is known.
2013-09-02T15:53:26+00:00 DEBUG (7): SQLSTATE[HY000] [2002] php_network_getaddresses: getaddrinfo failed: No such host is known.
2013-09-03T09:29:18+00:00 DEBUG (7): SQLSTATE[HY000] [2002] php_network_getaddresses: getaddrinfo failed: No such host is known.
2013-09-03T09:55:32+00:00 DEBUG (7): SQLSTATE[HY000] [2002] php_network_getaddresses: getaddrinfo failed: No such host is known.
2013-09-03T10:00:55+00:00 DEBUG (7): SQLSTATE[HY000] [2002] php_network_getaddresses: getaddrinfo failed: No such host is known.
2013-09-03T10:06:31+00:00 DEBUG (7): SQLSTATE[HY000] [2002] php_network_getaddresses: getaddrinfo failed: No such host is known.
2013-09-03T10:09:12+00:00 DEBUG (7): SQLSTATE[HY000] [2002] php_network_getaddresses: getaddrinfo failed: No such host is known.
2013-09-03T10:49:54+00:00 DEBUG (7): SQLSTATE[HY000] [2002] php_network_getaddresses: getaddrinfo failed: No such host is known.
